001 HAM 1.109756708952479349606818237E-55
002 SPAM 1
003 HAM 2.636214947799525903017289457E-140
004 SPAM 1
005 HAM 1.855962843176876392469033706E-68
006 SPAM 1
007 HAM 1.196323501368374551455990892E-129
008 SPAM 1
009 HAM 5.143982828075073991078413960E-57
010 SPAM 1
011 HAM 5.977765430592371264283400301E-48
012 HAM 7.602750745006543013581784810E-46
013 SPAM 0.9999999999999999990166920128
014 HAM 3.000004547117349661135605773E-44
015 SPAM 1
016 HAM 3.945668354559394678863405975E-88
017 SPAM 1
018 HAM 7.246882647522291282859723310E-117
019 SPAM 1
020 HAM 1.306425157005653520062894207E-120
021 SPAM 1
022 HAM 5.119089994147240913254627650E-60
023 SPAM 1
024 HAM 2.616065518374234708206170058E-58
025 SPAM 1
026 HAM 7.229309027875225596870918716E-88
027 SPAM 1
028 HAM 1.136721668268731467040969434E-48
029 SPAM 1
030 HAM 1.022245340280968621018086173E-62
031 SPAM 0.9999999999999999999999999608
032 HAM 1.035796633044887944736783261E-63
033 SPAM 1
034 HAM 1.228308203853912212342112415E-56
035 SPAM 0.9999999999999999999999999998
036 HAM 3.069455340033088591691755606E-119
037 SPAM 0.9999999999999999999995171374
038 HAM 6.510977198737671591839714750E-104
039 SPAM 1
040 HAM 2.001844919863352242801591230E-121
041 SPAM 1
042 HAM 1.073004594620551259286633307E-88
043 SPAM 0.9999999999999999999998947419
044 HAM 8.580370570384397550552499083E-87
045 SPAM 0.9999999999999999999999999994
046 HAM 2.487452494528606405157425862E-98
047 SPAM 0.9999999999999999999997178958
048 HAM 1.237831766439286722798547172E-98
049 SPAM 0.9999999999999999999993052399
050 HAM 3.083213150426157357223194257E-89
051 SPAM 0.9999999999999999999999998815
052 HAM 1.563332004014298759236927614E-41
053 SPAM 0.9999999999999999999999999984
054 HAM 2.521224555592619574213243951E-98
055 SPAM 1
056 HAM 3.297921897620729799717827096E-53
057 SPAM 0.9999999999999999999997623970
058 HAM 2.771641410955015332491138438E-81
059 SPAM 0.9999999999999999999995271434
060 HAM 2.544649795112004996409802722E-75
061 SPAM 1
062 HAM 5.245843083211567267964564728E-75
063 SPAM 1
064 HAM 3.182854645476192584801254472E-65
065 SPAM 1
066 HAM 5.665095557568660102589502793E-76
067 SPAM 0.9999999999999999999999998602
068 HAM 6.528035037415973119330107910E-60
069 SPAM 0.9999999999999999999999999788
070 HAM 8.736457029566113515702053167E-46
071 SPAM 1
072 HAM 5.222707569566059080926666231E-55
073 SPAM 0.9999999999999999999999999998
074 HAM 4.598311511289872993562620134E-124
075 SPAM 0.9999999999999999999999999996
076 HAM 3.789270180590776785141723992E-51
077 SPAM 0.9999999999999998227570152318
078 HAM 2.976175853627083472484201728E-46
079 SPAM 1
080 HAM 9.010500564711753675997593574E-46
081 SPAM 0.9999999999999992848332191779
082 HAM 7.638239256832200625006784965E-42
083 SPAM 0.9999999999999999999999998795
084 HAM 1.105999308771018014424615676E-54
085 SPAM 0.9999999999999999999999998581
086 HAM 9.264158090127081630654045029E-32
087 SPAM 0.9999999999999999999999999749
088 HAM 9.322405637765237889526823761E-51
089 SPAM 0.9999999999999999999999992291
090 HAM 5.771804689206198064377937985E-64
091 SPAM 0.9999999999999999997011949022
092 HAM 1.169517031395365350276216555E-56
093 SPAM 1
094 HAM 1.479412901735190295916658228E-38
095 SPAM 1
096 HAM 6.209947003595488324061970361E-47
097 SPAM 1
098 HAM 2.118326233811534468348314083E-90
099 SPAM 1

HAM
Dictionary Size: 2642
Total Number of Words: 19552

SPAM
Dictionary Size: 5784
Total Number of Words: 22154
